{
  "RSpec": {
    "coverage": {
      "/Users/morganjlopes/code/polarnotion/siderail/app/models/user.rb": [
        1,
        null,
        null,
        1,
        null,
        1,
        null,
        1,
        null,
        1,
        1,
        null
      ],
      "/Users/morganjlopes/code/polarnotion/siderail/app/models/application_record.rb": [
        1,
        1,
        null
      ],
      "/Users/morganjlopes/code/polarnotion/siderail/app/helpers/application_helper.rb": [
        1,
        null,
        1,
        3,
        null,
        null,
        1,
        1,
        null,
        null,
        1,
        3,
        1,
        2,
        1,
        null,
        1,
        null,
        null,
        null,
        null
      ],
      "/Users/morganjlopes/code/polarnotion/siderail/app/controllers/admin/pages_controller.rb": [
        1,
        1,
        null,
        1,
        1,
        null,
        null
      ],
      "/Users/morganjlopes/code/polarnotion/siderail/app/controllers/application_controller.rb": [
        1,
        null,
        1,
        null,
        1,
        4,
        null,
        4,
        null,
        null
      ],
      "/Users/morganjlopes/code/polarnotion/siderail/app/controllers/admin/settings_controller.rb": [
        1,
        1,
        null,
        1,
        1,
        null,
        null,
        1,
        1,
        2,
        2,
        null,
        null,
        1,
        null,
        1,
        null,
        null,
        1,
        1,
        5,
        null,
        null,
        null,
        null,
        null
      ],
      "/Users/morganjlopes/code/polarnotion/siderail/app/controllers/admin/users_controller.rb": [
        1,
        1,
        null,
        1,
        1,
        1,
        null,
        1,
        null,
        1,
        null,
        null
      ],
      "/Users/morganjlopes/code/polarnotion/siderail/app/controllers/pages_controller.rb": [
        1,
        1,
        1,
        null,
        1,
        null,
        null
      ],
      "/Users/morganjlopes/code/polarnotion/siderail/app/models/ahoy/event.rb": [
        null,
        1,
        1,
        null,
        1,
        null,
        1,
        1,
        null,
        null
      ],
      "/Users/morganjlopes/code/polarnotion/siderail/app/models/setting.rb": [
        1,
        3,
        null,
        1,
        1,
        null
      ],
      "/Users/morganjlopes/code/polarnotion/siderail/app/mailers/application_mailer.rb": [
        0,
        0,
        0,
        0
      ],
      "/Users/morganjlopes/code/polarnotion/siderail/app/models/ahoy/visit.rb": [
        null,
        null,
        null,
        null,
        null,
        null,
        null,
        null
      ],
      "/Users/morganjlopes/code/polarnotion/siderail/app/jobs/application_job.rb": [
        0,
        0
      ],
      "/Users/morganjlopes/code/polarnotion/siderail/app/controllers/users/omniauth_callbacks_controller.rb": [
        null,
        null,
        null,
        null,
        null,
        null,
        null,
        null,
        null,
        null,
        null,
        null,
        null,
        null,
        null,
        null,
        null,
        null,
        null,
        null,
        null,
        null,
        null,
        null,
        null,
        null,
        null,
        null,
        null,
        null,
        null
      ],
      "/Users/morganjlopes/code/polarnotion/siderail/app/controllers/users/passwords_controller.rb": [
        null,
        null,
        null,
        null,
        null,
        null,
        null,
        null,
        null,
        null,
        null,
        null,
        null,
        null,
        null,
        null,
        null,
        null,
        null,
        null,
        null,
        null,
        null,
        null,
        null,
        null,
        null,
        null,
        null,
        null,
        null,
        null,
        null,
        null,
        null
      ],
      "/Users/morganjlopes/code/polarnotion/siderail/app/controllers/users/sessions_controller.rb": [
        null,
        null,
        null,
        null,
        null,
        null,
        null,
        null,
        null,
        null,
        null,
        null,
        null,
        null,
        null,
        null,
        null,
        null,
        null,
        null,
        null,
        null,
        null,
        null,
        null,
        null,
        null,
        null
      ],
      "/Users/morganjlopes/code/polarnotion/siderail/app/controllers/users/unlocks_controller.rb": [
        null,
        null,
        null,
        null,
        null,
        null,
        null,
        null,
        null,
        null,
        null,
        null,
        null,
        null,
        null,
        null,
        null,
        null,
        null,
        null,
        null,
        null,
        null,
        null,
        null,
        null,
        null,
        null,
        null,
        null,
        null
      ],
      "/Users/morganjlopes/code/polarnotion/siderail/app/controllers/users/confirmations_controller.rb": [
        null,
        null,
        null,
        null,
        null,
        null,
        null,
        null,
        null,
        null,
        null,
        null,
        null,
        null,
        null,
        null,
        null,
        null,
        null,
        null,
        null,
        null,
        null,
        null,
        null,
        null,
        null,
        null,
        null,
        null,
        null
      ],
      "/Users/morganjlopes/code/polarnotion/siderail/app/controllers/users/registrations_controller.rb": [
        null,
        null,
        null,
        null,
        null,
        null,
        null,
        null,
        null,
        null,
        null,
        null,
        null,
        null,
        null,
        null,
        null,
        null,
        null,
        null,
        null,
        null,
        null,
        null,
        null,
        null,
        null,
        null,
        null,
        null,
        null,
        null,
        null,
        null,
        null,
        null,
        null,
        null,
        null,
        null,
        null,
        null,
        null,
        null,
        null,
        null,
        null,
        null,
        null,
        null,
        null,
        null,
        null,
        null,
        null,
        null,
        null,
        null,
        null,
        null,
        null,
        null,
        null,
        null,
        null,
        null,
        null,
        null,
        null,
        null,
        null
      ],
      "/Users/morganjlopes/code/polarnotion/siderail/app/channels/application_cable/connection.rb": [
        0,
        0,
        0,
        0
      ],
      "/Users/morganjlopes/code/polarnotion/siderail/app/channels/application_cable/channel.rb": [
        0,
        0,
        0,
        0
      ]
    },
    "timestamp": 1563759129
  }
}
